[4.254s] DEBUG:colcon:Command line arguments: ['/usr/bin/colcon', 'build', '--symlink-install']
[4.255s] DEBUG:colcon:Parsed command line arguments: Namespace(log_base=None, log_level=None, verb_name='build', build_base='build', install_base='install', merge_install=False, symlink_install=True, test_result_base=None, continue_on_error=False, executor='parallel', parallel_workers=16, event_handlers=None, ignore_user_meta=False, metas=['./colcon.meta'], base_paths=['.'], packages_ignore=None, packages_ignore_regex=None, paths=None, packages_up_to=None, packages_up_to_regex=None, packages_above=None, packages_above_and_dependencies=None, packages_above_depth=None, packages_select_by_dep=None, packages_skip_by_dep=None, packages_skip_up_to=None, packages_select_build_failed=False, packages_skip_build_finished=False, packages_select_test_failures=False, packages_skip_test_passed=False, packages_select=None, packages_skip=None, packages_select_regex=None, packages_skip_regex=None, packages_start=None, packages_end=None, allow_overriding=[], cmake_args=None, cmake_target=None, cmake_target_skip_unavailable=False, cmake_clean_cache=False, cmake_clean_first=False, cmake_force_configure=False, ament_cmake_args=None, catkin_cmake_args=None, catkin_skip_building_tests=False, verb_parser=<colcon_defaults.argument_parser.defaults.DefaultArgumentsDecorator object at 0x7f9d8183b280>, verb_extension=<colcon_core.verb.build.BuildVerb object at 0x7f9d81d1f190>, main=<bound method BuildVerb.main of <colcon_core.verb.build.BuildVerb object at 0x7f9d81d1f190>>)
[4.474s] Level 1:colcon.colcon_core.package_discovery:discover_packages(colcon_meta) check parameters
[4.474s] Level 1:colcon.colcon_core.package_discovery:discover_packages(recursive) check parameters
[4.474s] Level 1:colcon.colcon_core.package_discovery:discover_packages(ignore) check parameters
[4.474s] Level 1:colcon.colcon_core.package_discovery:discover_packages(path) check parameters
[4.474s] Level 1:colcon.colcon_core.package_discovery:discover_packages(colcon_meta) discover
[4.474s] Level 1:colcon.colcon_core.package_discovery:discover_packages(recursive) discover
[4.475s] INFO:colcon.colcon_core.package_discovery:Crawling recursively for packages in '/home/ubuntu/Desktop/robot_ws'
[4.475s] Level 1:colcon.colcon_core.package_identification:_identify(.) by extensions ['ignore', 'ignore_ament_install']
[4.475s] Level 1:colcon.colcon_core.package_identification:_identify(.) by extension 'ignore'
[4.475s] Level 1:colcon.colcon_core.package_identification:_identify(.) by extension 'ignore_ament_install'
[4.475s] Level 1:colcon.colcon_core.package_identification:_identify(.) by extensions ['colcon_pkg']
[4.475s] Level 1:colcon.colcon_core.package_identification:_identify(.) by extension 'colcon_pkg'
[4.475s] Level 1:colcon.colcon_core.package_identification:_identify(.) by extensions ['colcon_meta']
[4.476s] Level 1:colcon.colcon_core.package_identification:_identify(.) by extension 'colcon_meta'
[4.476s] Level 1:colcon.colcon_core.package_identification:_identify(.) by extensions ['ros']
[4.476s] Level 1:colcon.colcon_core.package_identification:_identify(.) by extension 'ros'
[4.500s] Level 1:colcon.colcon_core.package_identification:_identify(.) by extensions ['cmake', 'python']
[4.500s] Level 1:colcon.colcon_core.package_identification:_identify(.) by extension 'cmake'
[4.500s] Level 1:colcon.colcon_core.package_identification:_identify(.) by extension 'python'
[4.500s] Level 1:colcon.colcon_core.package_identification:_identify(.) by extensions ['python_setup_py']
[4.500s] Level 1:colcon.colcon_core.package_identification:_identify(.) by extension 'python_setup_py'
[4.501s] Level 1:colcon.colcon_core.package_identification:_identify(build) by extensions ['ignore', 'ignore_ament_install']
[4.501s] Level 1:colcon.colcon_core.package_identification:_identify(build) by extension 'ignore'
[4.501s] Level 1:colcon.colcon_core.package_identification:_identify(build) ignored
[4.501s] Level 1:colcon.colcon_core.package_identification:_identify(install) by extensions ['ignore', 'ignore_ament_install']
[4.501s] Level 1:colcon.colcon_core.package_identification:_identify(install) by extension 'ignore'
[4.501s] Level 1:colcon.colcon_core.package_identification:_identify(install) ignored
[4.501s] Level 1:colcon.colcon_core.package_identification:_identify(log) by extensions ['ignore', 'ignore_ament_install']
[4.501s] Level 1:colcon.colcon_core.package_identification:_identify(log) by extension 'ignore'
[4.501s] Level 1:colcon.colcon_core.package_identification:_identify(log) ignored
[4.501s] Level 1:colcon.colcon_core.package_identification:_identify(src) by extensions ['ignore', 'ignore_ament_install']
[4.501s] Level 1:colcon.colcon_core.package_identification:_identify(src) by extension 'ignore'
[4.501s] Level 1:colcon.colcon_core.package_identification:_identify(src) by extension 'ignore_ament_install'
[4.501s] Level 1:colcon.colcon_core.package_identification:_identify(src) by extensions ['colcon_pkg']
[4.501s] Level 1:colcon.colcon_core.package_identification:_identify(src) by extension 'colcon_pkg'
[4.501s] Level 1:colcon.colcon_core.package_identification:_identify(src) by extensions ['colcon_meta']
[4.501s] Level 1:colcon.colcon_core.package_identification:_identify(src) by extension 'colcon_meta'
[4.501s] Level 1:colcon.colcon_core.package_identification:_identify(src) by extensions ['ros']
[4.501s] Level 1:colcon.colcon_core.package_identification:_identify(src) by extension 'ros'
[4.502s] Level 1:colcon.colcon_core.package_identification:_identify(src) by extensions ['cmake', 'python']
[4.502s] Level 1:colcon.colcon_core.package_identification:_identify(src) by extension 'cmake'
[4.502s] Level 1:colcon.colcon_core.package_identification:_identify(src) by extension 'python'
[4.502s] Level 1:colcon.colcon_core.package_identification:_identify(src) by extensions ['python_setup_py']
[4.502s] Level 1:colcon.colcon_core.package_identification:_identify(src) by extension 'python_setup_py'
[4.502s] Level 1:colcon.colcon_core.package_identification:_identify(src/articubot_one) by extensions ['ignore', 'ignore_ament_install']
[4.502s] Level 1:colcon.colcon_core.package_identification:_identify(src/articubot_one) by extension 'ignore'
[4.502s] Level 1:colcon.colcon_core.package_identification:_identify(src/articubot_one) by extension 'ignore_ament_install'
[4.502s] Level 1:colcon.colcon_core.package_identification:_identify(src/articubot_one) by extensions ['colcon_pkg']
[4.502s] Level 1:colcon.colcon_core.package_identification:_identify(src/articubot_one) by extension 'colcon_pkg'
[4.502s] Level 1:colcon.colcon_core.package_identification:_identify(src/articubot_one) by extensions ['colcon_meta']
[4.502s] Level 1:colcon.colcon_core.package_identification:_identify(src/articubot_one) by extension 'colcon_meta'
[4.502s] Level 1:colcon.colcon_core.package_identification:_identify(src/articubot_one) by extensions ['ros']
[4.502s] Level 1:colcon.colcon_core.package_identification:_identify(src/articubot_one) by extension 'ros'
[4.513s] DEBUG:colcon.colcon_core.package_identification:Package 'src/articubot_one' with type 'ros.ament_cmake' and name 'articubot_one'
[4.513s] Level 1:colcon.colcon_core.package_discovery:discover_packages(recursive) using defaults
[4.513s] Level 1:colcon.colcon_core.package_discovery:discover_packages(ignore) discover
[4.513s] Level 1:colcon.colcon_core.package_discovery:discover_packages(ignore) using defaults
[4.513s] Level 1:colcon.colcon_core.package_discovery:discover_packages(path) discover
[4.513s] Level 1:colcon.colcon_core.package_discovery:discover_packages(path) using defaults
[4.634s] Level 1:colcon.colcon_core.package_discovery:discover_packages(prefix_path) check parameters
[4.635s] Level 1:colcon.colcon_core.package_discovery:discover_packages(prefix_path) discover
[4.663s] DEBUG:colcon.colcon_installed_package_information.package_discovery:Found 334 installed packages in /opt/ros/humble
[4.664s] Level 1:colcon.colcon_core.package_discovery:discover_packages(prefix_path) using defaults
[4.756s] Level 5:colcon.colcon_core.verb:set package 'articubot_one' build argument 'cmake_args' from command line to 'None'
[4.756s] Level 5:colcon.colcon_core.verb:set package 'articubot_one' build argument 'cmake_target' from command line to 'None'
[4.756s] Level 5:colcon.colcon_core.verb:set package 'articubot_one' build argument 'cmake_target_skip_unavailable' from command line to 'False'
[4.756s] Level 5:colcon.colcon_core.verb:set package 'articubot_one' build argument 'cmake_clean_cache' from command line to 'False'
[4.756s] Level 5:colcon.colcon_core.verb:set package 'articubot_one' build argument 'cmake_clean_first' from command line to 'False'
[4.756s] Level 5:colcon.colcon_core.verb:set package 'articubot_one' build argument 'cmake_force_configure' from command line to 'False'
[4.756s] Level 5:colcon.colcon_core.verb:set package 'articubot_one' build argument 'ament_cmake_args' from command line to 'None'
[4.756s] Level 5:colcon.colcon_core.verb:set package 'articubot_one' build argument 'catkin_cmake_args' from command line to 'None'
[4.756s] Level 5:colcon.colcon_core.verb:set package 'articubot_one' build argument 'catkin_skip_building_tests' from command line to 'False'
[4.756s] DEBUG:colcon.colcon_core.verb:Building package 'articubot_one' with the following arguments: {'ament_cmake_args': None, 'build_base': '/home/ubuntu/Desktop/robot_ws/build/articubot_one', 'catkin_cmake_args': None, 'catkin_skip_building_tests': False, 'cmake_args': None, 'cmake_clean_cache': False, 'cmake_clean_first': False, 'cmake_force_configure': False, 'cmake_target': None, 'cmake_target_skip_unavailable': False, 'install_base': '/home/ubuntu/Desktop/robot_ws/install/articubot_one', 'merge_install': False, 'path': '/home/ubuntu/Desktop/robot_ws/src/articubot_one', 'symlink_install': True, 'test_result_base': None}
[4.768s] INFO:colcon.colcon_core.executor:Executing jobs using 'parallel' executor
[4.782s] DEBUG:colcon.colcon_parallel_executor.executor.parallel:run_until_complete
[4.782s] INFO:colcon.colcon_ros.task.ament_cmake.build:Building ROS package in '/home/ubuntu/Desktop/robot_ws/src/articubot_one' with build type 'ament_cmake'
[4.782s] INFO:colcon.colcon_cmake.task.cmake.build:Building CMake package in '/home/ubuntu/Desktop/robot_ws/src/articubot_one'
[4.844s] INFO:colcon.colcon_core.plugin_system:Skipping extension 'colcon_core.shell.bat': Not used on non-Windows systems
[4.844s] INFO:colcon.colcon_core.shell:Skip shell extension 'powershell' for command environment: Not usable outside of PowerShell
[4.844s] DEBUG:colcon.colcon_core.shell:Skip shell extension 'dsv' for command environment
[4.910s] DEBUG:colcon.colcon_core.event_handler.log_command:Invoking command in '/home/ubuntu/Desktop/robot_ws/build/articubot_one': CMAKE_PREFIX_PATH=/opt/ros/humble /usr/bin/cmake --build /home/ubuntu/Desktop/robot_ws/build/articubot_one -- -j16 -l16
[5.370s] DEBUG:colcon.colcon_core.event_handler.log_command:Invoked command in '/home/ubuntu/Desktop/robot_ws/build/articubot_one' returned '0': CMAKE_PREFIX_PATH=/opt/ros/humble /usr/bin/cmake --build /home/ubuntu/Desktop/robot_ws/build/articubot_one -- -j16 -l16
[5.442s] DEBUG:colcon.colcon_core.event_handler.log_command:Invoking command in '/home/ubuntu/Desktop/robot_ws/build/articubot_one': CMAKE_PREFIX_PATH=/opt/ros/humble /usr/bin/cmake --install /home/ubuntu/Desktop/robot_ws/build/articubot_one
[5.849s] Level 1:colcon.colcon_core.environment:create_environment_scripts_only(articubot_one)
[5.850s] DEBUG:colcon.colcon_core.event_handler.log_command:Invoked command in '/home/ubuntu/Desktop/robot_ws/build/articubot_one' returned '0': CMAKE_PREFIX_PATH=/opt/ros/humble /usr/bin/cmake --install /home/ubuntu/Desktop/robot_ws/build/articubot_one
[5.893s] Level 1:colcon.colcon_core.environment:checking '/home/ubuntu/Desktop/robot_ws/install/articubot_one' for CMake module files
[5.895s] Level 1:colcon.colcon_core.environment:checking '/home/ubuntu/Desktop/robot_ws/install/articubot_one' for CMake config files
[5.897s] Level 1:colcon.colcon_core.shell:create_environment_hook('articubot_one', 'cmake_prefix_path')
[5.933s] INFO:colcon.colcon_core.shell:Creating environment hook '/home/ubuntu/Desktop/robot_ws/install/articubot_one/share/articubot_one/hook/cmake_prefix_path.ps1'
[5.937s] INFO:colcon.colcon_core.shell:Creating environment descriptor '/home/ubuntu/Desktop/robot_ws/install/articubot_one/share/articubot_one/hook/cmake_prefix_path.dsv'
[5.938s] INFO:colcon.colcon_core.shell:Creating environment hook '/home/ubuntu/Desktop/robot_ws/install/articubot_one/share/articubot_one/hook/cmake_prefix_path.sh'
[5.939s] Level 1:colcon.colcon_core.environment:checking '/home/ubuntu/Desktop/robot_ws/install/articubot_one/bin'
[5.939s] Level 1:colcon.colcon_core.environment:checking '/home/ubuntu/Desktop/robot_ws/install/articubot_one/lib/pkgconfig/articubot_one.pc'
[5.939s] Level 1:colcon.colcon_core.environment:checking '/home/ubuntu/Desktop/robot_ws/install/articubot_one/lib/python3.10/site-packages'
[5.939s] Level 1:colcon.colcon_core.environment:checking '/home/ubuntu/Desktop/robot_ws/install/articubot_one/bin'
[5.952s] INFO:colcon.colcon_core.shell:Creating package script '/home/ubuntu/Desktop/robot_ws/install/articubot_one/share/articubot_one/package.ps1'
[5.953s] INFO:colcon.colcon_core.shell:Creating package descriptor '/home/ubuntu/Desktop/robot_ws/install/articubot_one/share/articubot_one/package.dsv'
[5.954s] INFO:colcon.colcon_core.shell:Creating package script '/home/ubuntu/Desktop/robot_ws/install/articubot_one/share/articubot_one/package.sh'
[5.954s] INFO:colcon.colcon_core.shell:Creating package script '/home/ubuntu/Desktop/robot_ws/install/articubot_one/share/articubot_one/package.bash'
[5.964s] INFO:colcon.colcon_core.shell:Creating package script '/home/ubuntu/Desktop/robot_ws/install/articubot_one/share/articubot_one/package.zsh'
[5.972s] Level 1:colcon.colcon_core.environment:create_file_with_runtime_dependencies(/home/ubuntu/Desktop/robot_ws/install/articubot_one/share/colcon-core/packages/articubot_one)
[6.022s] Level 1:colcon.colcon_core.environment:create_environment_scripts_only(articubot_one)
[6.034s] Level 1:colcon.colcon_core.environment:checking '/home/ubuntu/Desktop/robot_ws/install/articubot_one' for CMake module files
[6.035s] Level 1:colcon.colcon_core.environment:checking '/home/ubuntu/Desktop/robot_ws/install/articubot_one' for CMake config files
[6.035s] Level 1:colcon.colcon_core.shell:create_environment_hook('articubot_one', 'cmake_prefix_path')
[6.047s] INFO:colcon.colcon_core.shell:Creating environment hook '/home/ubuntu/Desktop/robot_ws/install/articubot_one/share/articubot_one/hook/cmake_prefix_path.ps1'
[6.048s] INFO:colcon.colcon_core.shell:Creating environment descriptor '/home/ubuntu/Desktop/robot_ws/install/articubot_one/share/articubot_one/hook/cmake_prefix_path.dsv'
[6.048s] INFO:colcon.colcon_core.shell:Creating environment hook '/home/ubuntu/Desktop/robot_ws/install/articubot_one/share/articubot_one/hook/cmake_prefix_path.sh'
[6.049s] Level 1:colcon.colcon_core.environment:checking '/home/ubuntu/Desktop/robot_ws/install/articubot_one/bin'
[6.049s] Level 1:colcon.colcon_core.environment:checking '/home/ubuntu/Desktop/robot_ws/install/articubot_one/lib/pkgconfig/articubot_one.pc'
[6.049s] Level 1:colcon.colcon_core.environment:checking '/home/ubuntu/Desktop/robot_ws/install/articubot_one/lib/python3.10/site-packages'
[6.049s] Level 1:colcon.colcon_core.environment:checking '/home/ubuntu/Desktop/robot_ws/install/articubot_one/bin'
[6.061s] INFO:colcon.colcon_core.shell:Creating package script '/home/ubuntu/Desktop/robot_ws/install/articubot_one/share/articubot_one/package.ps1'
[6.062s] INFO:colcon.colcon_core.shell:Creating package descriptor '/home/ubuntu/Desktop/robot_ws/install/articubot_one/share/articubot_one/package.dsv'
[6.062s] INFO:colcon.colcon_core.shell:Creating package script '/home/ubuntu/Desktop/robot_ws/install/articubot_one/share/articubot_one/package.sh'
[6.062s] INFO:colcon.colcon_core.shell:Creating package script '/home/ubuntu/Desktop/robot_ws/install/articubot_one/share/articubot_one/package.bash'
[6.062s] INFO:colcon.colcon_core.shell:Creating package script '/home/ubuntu/Desktop/robot_ws/install/articubot_one/share/articubot_one/package.zsh'
[6.063s] Level 1:colcon.colcon_core.environment:create_file_with_runtime_dependencies(/home/ubuntu/Desktop/robot_ws/install/articubot_one/share/colcon-core/packages/articubot_one)
[6.063s] DEBUG:colcon.colcon_parallel_executor.executor.parallel:closing loop
[6.063s] DEBUG:colcon.colcon_parallel_executor.executor.parallel:loop closed
[6.063s] DEBUG:colcon.colcon_parallel_executor.executor.parallel:run_until_complete finished with '0'
[6.063s] DEBUG:colcon.colcon_core.event_reactor:joining thread
[6.083s] INFO:colcon.colcon_core.plugin_system:Skipping extension 'colcon_notification.desktop_notification.terminal_notifier': Not used on non-Darwin systems
[6.083s] INFO:colcon.colcon_core.plugin_system:Skipping extension 'colcon_notification.desktop_notification.win32': Not used on non-Windows systems
[6.083s] INFO:colcon.colcon_notification.desktop_notification:Sending desktop notification using 'notify2'
[6.127s] DEBUG:colcon.colcon_core.event_reactor:joined thread
[6.169s] INFO:colcon.colcon_core.shell:Creating prefix script '/home/ubuntu/Desktop/robot_ws/install/local_setup.ps1'
[6.172s] INFO:colcon.colcon_core.shell:Creating prefix util module '/home/ubuntu/Desktop/robot_ws/install/_local_setup_util_ps1.py'
[6.174s] INFO:colcon.colcon_core.shell:Creating prefix chain script '/home/ubuntu/Desktop/robot_ws/install/setup.ps1'
[6.202s] INFO:colcon.colcon_core.shell:Creating prefix script '/home/ubuntu/Desktop/robot_ws/install/local_setup.sh'
[6.203s] INFO:colcon.colcon_core.shell:Creating prefix util module '/home/ubuntu/Desktop/robot_ws/install/_local_setup_util_sh.py'
[6.203s] INFO:colcon.colcon_core.shell:Creating prefix chain script '/home/ubuntu/Desktop/robot_ws/install/setup.sh'
[6.217s] INFO:colcon.colcon_core.shell:Creating prefix script '/home/ubuntu/Desktop/robot_ws/install/local_setup.bash'
[6.217s] INFO:colcon.colcon_core.shell:Creating prefix chain script '/home/ubuntu/Desktop/robot_ws/install/setup.bash'
[6.231s] INFO:colcon.colcon_core.shell:Creating prefix script '/home/ubuntu/Desktop/robot_ws/install/local_setup.zsh'
[6.231s] INFO:colcon.colcon_core.shell:Creating prefix chain script '/home/ubuntu/Desktop/robot_ws/install/setup.zsh'
