[0.063s] Invoking command in '/home/ubuntu/Desktop/robot_ws/build/articubot_one': CMAKE_PREFIX_PATH=${CMAKE_PREFIX_PATH}:/opt/ros/humble /usr/bin/cmake /home/ubuntu/Desktop/robot_ws/src/articubot_one -DAMENT_CMAKE_SYMLINK_INSTALL=1 -DCMAKE_INSTALL_PREFIX=/home/ubuntu/Desktop/robot_ws/install/articubot_one
[0.092s] -- Found ament_cmake: 1.3.8 (/opt/ros/humble/share/ament_cmake/cmake)
[0.225s] -- Override CMake install command with custom implementation using symlinks instead of copying resources
[0.245s] -- Found rclpy: 3.3.12 (/opt/ros/humble/share/rclpy/cmake)
[0.245s] -- Found ament_lint_auto: 0.12.10 (/opt/ros/humble/share/ament_lint_auto/cmake)
[0.355s] -- Added test 'copyright' to check source files copyright and LICENSE
[0.371s] -- Added test 'flake8' to check Python code syntax and style conventions
[0.374s] -- Added test 'lint_cmake' to check CMake code style
[0.376s] -- Added test 'pep257' to check Python code against some of the docstring style conventions in PEP 257
[0.385s] -- Added test 'xmllint' to check XML markup files
[0.388s] -- Configuring done
[0.398s] -- Generating done
[0.401s] -- Build files have been written to: /home/ubuntu/Desktop/robot_ws/build/articubot_one
[0.404s] Invoked command in '/home/ubuntu/Desktop/robot_ws/build/articubot_one' returned '0': CMAKE_PREFIX_PATH=${CMAKE_PREFIX_PATH}:/opt/ros/humble /usr/bin/cmake /home/ubuntu/Desktop/robot_ws/src/articubot_one -DAMENT_CMAKE_SYMLINK_INSTALL=1 -DCMAKE_INSTALL_PREFIX=/home/ubuntu/Desktop/robot_ws/install/articubot_one
[0.407s] Invoking command in '/home/ubuntu/Desktop/robot_ws/build/articubot_one': CMAKE_PREFIX_PATH=${CMAKE_PREFIX_PATH}:/opt/ros/humble /usr/bin/cmake --build /home/ubuntu/Desktop/robot_ws/build/articubot_one -- -j16 -l16
[0.509s] Invoked command in '/home/ubuntu/Desktop/robot_ws/build/articubot_one' returned '0': CMAKE_PREFIX_PATH=${CMAKE_PREFIX_PATH}:/opt/ros/humble /usr/bin/cmake --build /home/ubuntu/Desktop/robot_ws/build/articubot_one -- -j16 -l16
[0.586s] Invoking command in '/home/ubuntu/Desktop/robot_ws/build/articubot_one': CMAKE_PREFIX_PATH=${CMAKE_PREFIX_PATH}:/opt/ros/humble /usr/bin/cmake --install /home/ubuntu/Desktop/robot_ws/build/articubot_one
[0.605s] -- Install configuration: ""
[0.606s] -- Execute custom install script
[0.607s] -- Up-to-date symlink: /home/ubuntu/Desktop/robot_ws/install/articubot_one/share/articubot_one/config/drive_bot.rviz
[0.608s] -- Up-to-date symlink: /home/ubuntu/Desktop/robot_ws/install/articubot_one/share/articubot_one/config/main.rviz
[0.608s] -- Up-to-date symlink: /home/ubuntu/Desktop/robot_ws/install/articubot_one/share/articubot_one/config/mapper_params_online_async.yaml
[0.609s] -- Up-to-date symlink: /home/ubuntu/Desktop/robot_ws/install/articubot_one/share/articubot_one/config/nav2_params.yaml
[0.609s] -- Up-to-date symlink: /home/ubuntu/Desktop/robot_ws/install/articubot_one/share/articubot_one/config/view_bot.rviz
[0.610s] -- Up-to-date symlink: /home/ubuntu/Desktop/robot_ws/install/articubot_one/share/articubot_one/description/gazebo_control.xacro
[0.610s] -- Up-to-date symlink: /home/ubuntu/Desktop/robot_ws/install/articubot_one/share/articubot_one/description/inertial_macros.xacro
[0.611s] -- Up-to-date symlink: /home/ubuntu/Desktop/robot_ws/install/articubot_one/share/articubot_one/description/lidar.xacro
[0.611s] -- Up-to-date symlink: /home/ubuntu/Desktop/robot_ws/install/articubot_one/share/articubot_one/description/robot.urdf.xacro
[0.611s] -- Up-to-date symlink: /home/ubuntu/Desktop/robot_ws/install/articubot_one/share/articubot_one/description/robot_core.xacro
[0.612s] -- Up-to-date symlink: /home/ubuntu/Desktop/robot_ws/install/articubot_one/share/articubot_one/launch/launch_sim.launch.py
[0.613s] -- Up-to-date symlink: /home/ubuntu/Desktop/robot_ws/install/articubot_one/share/articubot_one/launch/localization_launch.py
[0.613s] -- Up-to-date symlink: /home/ubuntu/Desktop/robot_ws/install/articubot_one/share/articubot_one/launch/navigation_launch.py
[0.613s] -- Up-to-date symlink: /home/ubuntu/Desktop/robot_ws/install/articubot_one/share/articubot_one/launch/online_async_launch.py
[0.614s] -- Up-to-date symlink: /home/ubuntu/Desktop/robot_ws/install/articubot_one/share/articubot_one/launch/rsp.launch.py
[0.615s] -- Up-to-date symlink: /home/ubuntu/Desktop/robot_ws/install/articubot_one/share/articubot_one/worlds/empty.world
[0.615s] -- Up-to-date symlink: /home/ubuntu/Desktop/robot_ws/install/articubot_one/share/articubot_one/worlds/fun.world
[0.615s] -- Up-to-date symlink: /home/ubuntu/Desktop/robot_ws/install/articubot_one/share/articubot_one/worlds/my_world.world
[0.616s] -- Up-to-date symlink: /home/ubuntu/Desktop/robot_ws/install/articubot_one/share/articubot_one/worlds/obstacles.world
[0.616s] -- Up-to-date symlink: /home/ubuntu/Desktop/robot_ws/install/articubot_one/lib/articubot_one/move_robot.py
[0.617s] -- Up-to-date symlink: /home/ubuntu/Desktop/robot_ws/install/articubot_one/share/ament_index/resource_index/package_run_dependencies/articubot_one
[0.618s] -- Up-to-date symlink: /home/ubuntu/Desktop/robot_ws/install/articubot_one/share/ament_index/resource_index/parent_prefix_path/articubot_one
[0.618s] -- Up-to-date symlink: /home/ubuntu/Desktop/robot_ws/install/articubot_one/share/articubot_one/environment/ament_prefix_path.sh
[0.619s] -- Up-to-date symlink: /home/ubuntu/Desktop/robot_ws/install/articubot_one/share/articubot_one/environment/ament_prefix_path.dsv
[0.619s] -- Up-to-date symlink: /home/ubuntu/Desktop/robot_ws/install/articubot_one/share/articubot_one/environment/path.sh
[0.620s] -- Up-to-date symlink: /home/ubuntu/Desktop/robot_ws/install/articubot_one/share/articubot_one/environment/path.dsv
[0.621s] -- Up-to-date symlink: /home/ubuntu/Desktop/robot_ws/install/articubot_one/share/articubot_one/local_setup.bash
[0.621s] -- Up-to-date symlink: /home/ubuntu/Desktop/robot_ws/install/articubot_one/share/articubot_one/local_setup.sh
[0.621s] -- Up-to-date symlink: /home/ubuntu/Desktop/robot_ws/install/articubot_one/share/articubot_one/local_setup.zsh
[0.622s] -- Up-to-date symlink: /home/ubuntu/Desktop/robot_ws/install/articubot_one/share/articubot_one/local_setup.dsv
[0.622s] -- Symlinking: /home/ubuntu/Desktop/robot_ws/install/articubot_one/share/articubot_one/package.dsv
[0.648s] -- Up-to-date symlink: /home/ubuntu/Desktop/robot_ws/install/articubot_one/share/ament_index/resource_index/packages/articubot_one
[0.649s] -- Up-to-date symlink: /home/ubuntu/Desktop/robot_ws/install/articubot_one/share/articubot_one/cmake/articubot_oneConfig.cmake
[0.649s] -- Up-to-date symlink: /home/ubuntu/Desktop/robot_ws/install/articubot_one/share/articubot_one/cmake/articubot_oneConfig-version.cmake
[0.649s] -- Up-to-date symlink: /home/ubuntu/Desktop/robot_ws/install/articubot_one/share/articubot_one/package.xml
[0.651s] Invoked command in '/home/ubuntu/Desktop/robot_ws/build/articubot_one' returned '0': CMAKE_PREFIX_PATH=${CMAKE_PREFIX_PATH}:/opt/ros/humble /usr/bin/cmake --install /home/ubuntu/Desktop/robot_ws/build/articubot_one
