[0.904s] DEBUG:colcon:Command line arguments: ['/usr/bin/colcon', 'build', '--symlink-install']
[0.904s] DEBUG:colcon:Parsed command line arguments: Namespace(log_base=None, log_level=None, verb_name='build', build_base='build', install_base='install', merge_install=False, symlink_install=True, test_result_base=None, continue_on_error=False, executor='parallel', parallel_workers=16, event_handlers=None, ignore_user_meta=False, metas=['./colcon.meta'], base_paths=['.'], packages_ignore=None, packages_ignore_regex=None, paths=None, packages_up_to=None, packages_up_to_regex=None, packages_above=None, packages_above_and_dependencies=None, packages_above_depth=None, packages_select_by_dep=None, packages_skip_by_dep=None, packages_skip_up_to=None, packages_select_build_failed=False, packages_skip_build_finished=False, packages_select_test_failures=False, packages_skip_test_passed=False, packages_select=None, packages_skip=None, packages_select_regex=None, packages_skip_regex=None, packages_start=None, packages_end=None, allow_overriding=[], cmake_args=None, cmake_target=None, cmake_target_skip_unavailable=False, cmake_clean_cache=False, cmake_clean_first=False, cmake_force_configure=False, ament_cmake_args=None, catkin_cmake_args=None, catkin_skip_building_tests=False, verb_parser=<colcon_defaults.argument_parser.defaults.DefaultArgumentsDecorator object at 0x7f8159342ce0>, verb_extension=<colcon_core.verb.build.BuildVerb object at 0x7f81597b3670>, main=<bound method BuildVerb.main of <colcon_core.verb.build.BuildVerb object at 0x7f81597b3670>>)
[0.944s] Level 1:colcon.colcon_core.package_discovery:discover_packages(colcon_meta) check parameters
[0.945s] Level 1:colcon.colcon_core.package_discovery:discover_packages(recursive) check parameters
[0.945s] Level 1:colcon.colcon_core.package_discovery:discover_packages(ignore) check parameters
[0.945s] Level 1:colcon.colcon_core.package_discovery:discover_packages(path) check parameters
[0.945s] Level 1:colcon.colcon_core.package_discovery:discover_packages(colcon_meta) discover
[0.945s] Level 1:colcon.colcon_core.package_discovery:discover_packages(recursive) discover
[0.945s] INFO:colcon.colcon_core.package_discovery:Crawling recursively for packages in '/home/ubuntu/Desktop/robot_ws'
[0.945s] Level 1:colcon.colcon_core.package_identification:_identify(.) by extensions ['ignore', 'ignore_ament_install']
[0.945s] Level 1:colcon.colcon_core.package_identification:_identify(.) by extension 'ignore'
[0.945s] Level 1:colcon.colcon_core.package_identification:_identify(.) by extension 'ignore_ament_install'
[0.945s] Level 1:colcon.colcon_core.package_identification:_identify(.) by extensions ['colcon_pkg']
[0.945s] Level 1:colcon.colcon_core.package_identification:_identify(.) by extension 'colcon_pkg'
[0.945s] Level 1:colcon.colcon_core.package_identification:_identify(.) by extensions ['colcon_meta']
[0.945s] Level 1:colcon.colcon_core.package_identification:_identify(.) by extension 'colcon_meta'
[0.945s] Level 1:colcon.colcon_core.package_identification:_identify(.) by extensions ['ros']
[0.945s] Level 1:colcon.colcon_core.package_identification:_identify(.) by extension 'ros'
[0.955s] Level 1:colcon.colcon_core.package_identification:_identify(.) by extensions ['cmake', 'python']
[0.955s] Level 1:colcon.colcon_core.package_identification:_identify(.) by extension 'cmake'
[0.955s] Level 1:colcon.colcon_core.package_identification:_identify(.) by extension 'python'
[0.955s] Level 1:colcon.colcon_core.package_identification:_identify(.) by extensions ['python_setup_py']
[0.955s] Level 1:colcon.colcon_core.package_identification:_identify(.) by extension 'python_setup_py'
[0.955s] Level 1:colcon.colcon_core.package_identification:_identify(build) by extensions ['ignore', 'ignore_ament_install']
[0.955s] Level 1:colcon.colcon_core.package_identification:_identify(build) by extension 'ignore'
[0.955s] Level 1:colcon.colcon_core.package_identification:_identify(build) ignored
[0.955s] Level 1:colcon.colcon_core.package_identification:_identify(install) by extensions ['ignore', 'ignore_ament_install']
[0.955s] Level 1:colcon.colcon_core.package_identification:_identify(install) by extension 'ignore'
[0.955s] Level 1:colcon.colcon_core.package_identification:_identify(install) ignored
[0.956s] Level 1:colcon.colcon_core.package_identification:_identify(log) by extensions ['ignore', 'ignore_ament_install']
[0.956s] Level 1:colcon.colcon_core.package_identification:_identify(log) by extension 'ignore'
[0.956s] Level 1:colcon.colcon_core.package_identification:_identify(log) ignored
[0.956s] Level 1:colcon.colcon_core.package_identification:_identify(src) by extensions ['ignore', 'ignore_ament_install']
[0.956s] Level 1:colcon.colcon_core.package_identification:_identify(src) by extension 'ignore'
[0.956s] Level 1:colcon.colcon_core.package_identification:_identify(src) by extension 'ignore_ament_install'
[0.956s] Level 1:colcon.colcon_core.package_identification:_identify(src) by extensions ['colcon_pkg']
[0.956s] Level 1:colcon.colcon_core.package_identification:_identify(src) by extension 'colcon_pkg'
[0.956s] Level 1:colcon.colcon_core.package_identification:_identify(src) by extensions ['colcon_meta']
[0.956s] Level 1:colcon.colcon_core.package_identification:_identify(src) by extension 'colcon_meta'
[0.956s] Level 1:colcon.colcon_core.package_identification:_identify(src) by extensions ['ros']
[0.956s] Level 1:colcon.colcon_core.package_identification:_identify(src) by extension 'ros'
[0.956s] Level 1:colcon.colcon_core.package_identification:_identify(src) by extensions ['cmake', 'python']
[0.956s] Level 1:colcon.colcon_core.package_identification:_identify(src) by extension 'cmake'
[0.956s] Level 1:colcon.colcon_core.package_identification:_identify(src) by extension 'python'
[0.956s] Level 1:colcon.colcon_core.package_identification:_identify(src) by extensions ['python_setup_py']
[0.956s] Level 1:colcon.colcon_core.package_identification:_identify(src) by extension 'python_setup_py'
[0.956s] Level 1:colcon.colcon_core.package_identification:_identify(src/articubot_one) by extensions ['ignore', 'ignore_ament_install']
[0.956s] Level 1:colcon.colcon_core.package_identification:_identify(src/articubot_one) by extension 'ignore'
[0.956s] Level 1:colcon.colcon_core.package_identification:_identify(src/articubot_one) by extension 'ignore_ament_install'
[0.956s] Level 1:colcon.colcon_core.package_identification:_identify(src/articubot_one) by extensions ['colcon_pkg']
[0.956s] Level 1:colcon.colcon_core.package_identification:_identify(src/articubot_one) by extension 'colcon_pkg'
[0.957s] Level 1:colcon.colcon_core.package_identification:_identify(src/articubot_one) by extensions ['colcon_meta']
[0.957s] Level 1:colcon.colcon_core.package_identification:_identify(src/articubot_one) by extension 'colcon_meta'
[0.957s] Level 1:colcon.colcon_core.package_identification:_identify(src/articubot_one) by extensions ['ros']
[0.957s] Level 1:colcon.colcon_core.package_identification:_identify(src/articubot_one) by extension 'ros'
[0.959s] DEBUG:colcon.colcon_core.package_identification:Package 'src/articubot_one' with type 'ros.ament_cmake' and name 'articubot_one'
[0.959s] Level 1:colcon.colcon_core.package_discovery:discover_packages(recursive) using defaults
[0.959s] Level 1:colcon.colcon_core.package_discovery:discover_packages(ignore) discover
[0.959s] Level 1:colcon.colcon_core.package_discovery:discover_packages(ignore) using defaults
[0.959s] Level 1:colcon.colcon_core.package_discovery:discover_packages(path) discover
[0.959s] Level 1:colcon.colcon_core.package_discovery:discover_packages(path) using defaults
[1.038s] Level 1:colcon.colcon_core.package_discovery:discover_packages(prefix_path) check parameters
[1.038s] Level 1:colcon.colcon_core.package_discovery:discover_packages(prefix_path) discover
[1.065s] DEBUG:colcon.colcon_installed_package_information.package_discovery:Found 1 installed packages in /home/ubuntu/Desktop/robot_ws/install
[1.079s] DEBUG:colcon.colcon_installed_package_information.package_discovery:Found 334 installed packages in /opt/ros/humble
[1.081s] Level 1:colcon.colcon_core.package_discovery:discover_packages(prefix_path) using defaults
[1.176s] Level 5:colcon.colcon_core.verb:set package 'articubot_one' build argument 'cmake_args' from command line to 'None'
[1.176s] Level 5:colcon.colcon_core.verb:set package 'articubot_one' build argument 'cmake_target' from command line to 'None'
[1.176s] Level 5:colcon.colcon_core.verb:set package 'articubot_one' build argument 'cmake_target_skip_unavailable' from command line to 'False'
[1.176s] Level 5:colcon.colcon_core.verb:set package 'articubot_one' build argument 'cmake_clean_cache' from command line to 'False'
[1.176s] Level 5:colcon.colcon_core.verb:set package 'articubot_one' build argument 'cmake_clean_first' from command line to 'False'
[1.176s] Level 5:colcon.colcon_core.verb:set package 'articubot_one' build argument 'cmake_force_configure' from command line to 'False'
[1.176s] Level 5:colcon.colcon_core.verb:set package 'articubot_one' build argument 'ament_cmake_args' from command line to 'None'
[1.176s] Level 5:colcon.colcon_core.verb:set package 'articubot_one' build argument 'catkin_cmake_args' from command line to 'None'
[1.176s] Level 5:colcon.colcon_core.verb:set package 'articubot_one' build argument 'catkin_skip_building_tests' from command line to 'False'
[1.176s] DEBUG:colcon.colcon_core.verb:Building package 'articubot_one' with the following arguments: {'ament_cmake_args': None, 'build_base': '/home/ubuntu/Desktop/robot_ws/build/articubot_one', 'catkin_cmake_args': None, 'catkin_skip_building_tests': False, 'cmake_args': None, 'cmake_clean_cache': False, 'cmake_clean_first': False, 'cmake_force_configure': False, 'cmake_target': None, 'cmake_target_skip_unavailable': False, 'install_base': '/home/ubuntu/Desktop/robot_ws/install/articubot_one', 'merge_install': False, 'path': '/home/ubuntu/Desktop/robot_ws/src/articubot_one', 'symlink_install': True, 'test_result_base': None}
[1.189s] INFO:colcon.colcon_core.executor:Executing jobs using 'parallel' executor
[1.203s] DEBUG:colcon.colcon_parallel_executor.executor.parallel:run_until_complete
[1.203s] INFO:colcon.colcon_ros.task.ament_cmake.build:Building ROS package in '/home/ubuntu/Desktop/robot_ws/src/articubot_one' with build type 'ament_cmake'
[1.203s] INFO:colcon.colcon_cmake.task.cmake.build:Building CMake package in '/home/ubuntu/Desktop/robot_ws/src/articubot_one'
[1.218s] INFO:colcon.colcon_core.plugin_system:Skipping extension 'colcon_core.shell.bat': Not used on non-Windows systems
[1.219s] INFO:colcon.colcon_core.shell:Skip shell extension 'powershell' for command environment: Not usable outside of PowerShell
[1.219s] DEBUG:colcon.colcon_core.shell:Skip shell extension 'dsv' for command environment
[1.269s] DEBUG:colcon.colcon_core.event_handler.log_command:Invoking command in '/home/ubuntu/Desktop/robot_ws/build/articubot_one': CMAKE_PREFIX_PATH=${CMAKE_PREFIX_PATH}:/opt/ros/humble /usr/bin/cmake --build /home/ubuntu/Desktop/robot_ws/build/articubot_one -- -j16 -l16
[1.327s] DEBUG:colcon.colcon_core.event_handler.log_command:Invoked command in '/home/ubuntu/Desktop/robot_ws/build/articubot_one' returned '0': CMAKE_PREFIX_PATH=${CMAKE_PREFIX_PATH}:/opt/ros/humble /usr/bin/cmake --build /home/ubuntu/Desktop/robot_ws/build/articubot_one -- -j16 -l16
[1.371s] DEBUG:colcon.colcon_core.event_handler.log_command:Invoking command in '/home/ubuntu/Desktop/robot_ws/build/articubot_one': CMAKE_PREFIX_PATH=${CMAKE_PREFIX_PATH}:/opt/ros/humble /usr/bin/cmake --install /home/ubuntu/Desktop/robot_ws/build/articubot_one
[1.417s] Level 1:colcon.colcon_core.environment:create_environment_scripts_only(articubot_one)
[1.418s] DEBUG:colcon.colcon_core.event_handler.log_command:Invoked command in '/home/ubuntu/Desktop/robot_ws/build/articubot_one' returned '0': CMAKE_PREFIX_PATH=${CMAKE_PREFIX_PATH}:/opt/ros/humble /usr/bin/cmake --install /home/ubuntu/Desktop/robot_ws/build/articubot_one
[1.455s] Level 1:colcon.colcon_core.environment:checking '/home/ubuntu/Desktop/robot_ws/install/articubot_one' for CMake module files
[1.456s] Level 1:colcon.colcon_core.environment:checking '/home/ubuntu/Desktop/robot_ws/install/articubot_one' for CMake config files
[1.458s] Level 1:colcon.colcon_core.shell:create_environment_hook('articubot_one', 'cmake_prefix_path')
[1.490s] INFO:colcon.colcon_core.shell:Creating environment hook '/home/ubuntu/Desktop/robot_ws/install/articubot_one/share/articubot_one/hook/cmake_prefix_path.ps1'
[1.491s] INFO:colcon.colcon_core.shell:Creating environment descriptor '/home/ubuntu/Desktop/robot_ws/install/articubot_one/share/articubot_one/hook/cmake_prefix_path.dsv'
[1.492s] INFO:colcon.colcon_core.shell:Creating environment hook '/home/ubuntu/Desktop/robot_ws/install/articubot_one/share/articubot_one/hook/cmake_prefix_path.sh'
[1.493s] Level 1:colcon.colcon_core.environment:checking '/home/ubuntu/Desktop/robot_ws/install/articubot_one/lib'
[1.494s] Level 1:colcon.colcon_core.environment:checking '/home/ubuntu/Desktop/robot_ws/install/articubot_one/bin'
[1.494s] Level 1:colcon.colcon_core.environment:checking '/home/ubuntu/Desktop/robot_ws/install/articubot_one/lib/pkgconfig/articubot_one.pc'
[1.494s] Level 1:colcon.colcon_core.environment:checking '/home/ubuntu/Desktop/robot_ws/install/articubot_one/lib/python3.10/site-packages'
[1.494s] Level 1:colcon.colcon_core.environment:checking '/home/ubuntu/Desktop/robot_ws/install/articubot_one/bin'
[1.509s] INFO:colcon.colcon_core.shell:Creating package script '/home/ubuntu/Desktop/robot_ws/install/articubot_one/share/articubot_one/package.ps1'
[1.510s] INFO:colcon.colcon_core.shell:Creating package descriptor '/home/ubuntu/Desktop/robot_ws/install/articubot_one/share/articubot_one/package.dsv'
[1.510s] INFO:colcon.colcon_core.shell:Creating package script '/home/ubuntu/Desktop/robot_ws/install/articubot_one/share/articubot_one/package.sh'
[1.511s] INFO:colcon.colcon_core.shell:Creating package script '/home/ubuntu/Desktop/robot_ws/install/articubot_one/share/articubot_one/package.bash'
[1.511s] INFO:colcon.colcon_core.shell:Creating package script '/home/ubuntu/Desktop/robot_ws/install/articubot_one/share/articubot_one/package.zsh'
[1.512s] Level 1:colcon.colcon_core.environment:create_file_with_runtime_dependencies(/home/ubuntu/Desktop/robot_ws/install/articubot_one/share/colcon-core/packages/articubot_one)
[1.570s] Level 1:colcon.colcon_core.environment:create_environment_scripts_only(articubot_one)
[1.583s] Level 1:colcon.colcon_core.environment:checking '/home/ubuntu/Desktop/robot_ws/install/articubot_one' for CMake module files
[1.584s] Level 1:colcon.colcon_core.environment:checking '/home/ubuntu/Desktop/robot_ws/install/articubot_one' for CMake config files
[1.584s] Level 1:colcon.colcon_core.shell:create_environment_hook('articubot_one', 'cmake_prefix_path')
[1.597s] INFO:colcon.colcon_core.shell:Creating environment hook '/home/ubuntu/Desktop/robot_ws/install/articubot_one/share/articubot_one/hook/cmake_prefix_path.ps1'
[1.598s] INFO:colcon.colcon_core.shell:Creating environment descriptor '/home/ubuntu/Desktop/robot_ws/install/articubot_one/share/articubot_one/hook/cmake_prefix_path.dsv'
[1.598s] INFO:colcon.colcon_core.shell:Creating environment hook '/home/ubuntu/Desktop/robot_ws/install/articubot_one/share/articubot_one/hook/cmake_prefix_path.sh'
[1.598s] Level 1:colcon.colcon_core.environment:checking '/home/ubuntu/Desktop/robot_ws/install/articubot_one/lib'
[1.598s] Level 1:colcon.colcon_core.environment:checking '/home/ubuntu/Desktop/robot_ws/install/articubot_one/bin'
[1.598s] Level 1:colcon.colcon_core.environment:checking '/home/ubuntu/Desktop/robot_ws/install/articubot_one/lib/pkgconfig/articubot_one.pc'
[1.599s] Level 1:colcon.colcon_core.environment:checking '/home/ubuntu/Desktop/robot_ws/install/articubot_one/lib/python3.10/site-packages'
[1.599s] Level 1:colcon.colcon_core.environment:checking '/home/ubuntu/Desktop/robot_ws/install/articubot_one/bin'
[1.612s] INFO:colcon.colcon_core.shell:Creating package script '/home/ubuntu/Desktop/robot_ws/install/articubot_one/share/articubot_one/package.ps1'
[1.613s] INFO:colcon.colcon_core.shell:Creating package descriptor '/home/ubuntu/Desktop/robot_ws/install/articubot_one/share/articubot_one/package.dsv'
[1.613s] INFO:colcon.colcon_core.shell:Creating package script '/home/ubuntu/Desktop/robot_ws/install/articubot_one/share/articubot_one/package.sh'
[1.613s] INFO:colcon.colcon_core.shell:Creating package script '/home/ubuntu/Desktop/robot_ws/install/articubot_one/share/articubot_one/package.bash'
[1.613s] INFO:colcon.colcon_core.shell:Creating package script '/home/ubuntu/Desktop/robot_ws/install/articubot_one/share/articubot_one/package.zsh'
[1.614s] Level 1:colcon.colcon_core.environment:create_file_with_runtime_dependencies(/home/ubuntu/Desktop/robot_ws/install/articubot_one/share/colcon-core/packages/articubot_one)
[1.614s] DEBUG:colcon.colcon_parallel_executor.executor.parallel:closing loop
[1.614s] DEBUG:colcon.colcon_parallel_executor.executor.parallel:loop closed
[1.614s] DEBUG:colcon.colcon_parallel_executor.executor.parallel:run_until_complete finished with '0'
[1.614s] DEBUG:colcon.colcon_core.event_reactor:joining thread
[1.632s] INFO:colcon.colcon_core.plugin_system:Skipping extension 'colcon_notification.desktop_notification.terminal_notifier': Not used on non-Darwin systems
[1.632s] INFO:colcon.colcon_core.plugin_system:Skipping extension 'colcon_notification.desktop_notification.win32': Not used on non-Windows systems
[1.632s] INFO:colcon.colcon_notification.desktop_notification:Sending desktop notification using 'notify2'
[1.655s] DEBUG:colcon.colcon_core.event_reactor:joined thread
[1.668s] INFO:colcon.colcon_core.shell:Creating prefix script '/home/ubuntu/Desktop/robot_ws/install/local_setup.ps1'
[1.669s] INFO:colcon.colcon_core.shell:Creating prefix util module '/home/ubuntu/Desktop/robot_ws/install/_local_setup_util_ps1.py'
[1.670s] INFO:colcon.colcon_core.shell:Creating prefix chain script '/home/ubuntu/Desktop/robot_ws/install/setup.ps1'
[1.684s] INFO:colcon.colcon_core.shell:Creating prefix script '/home/ubuntu/Desktop/robot_ws/install/local_setup.sh'
[1.684s] INFO:colcon.colcon_core.shell:Creating prefix util module '/home/ubuntu/Desktop/robot_ws/install/_local_setup_util_sh.py'
[1.684s] INFO:colcon.colcon_core.shell:Creating prefix chain script '/home/ubuntu/Desktop/robot_ws/install/setup.sh'
[1.698s] INFO:colcon.colcon_core.shell:Creating prefix script '/home/ubuntu/Desktop/robot_ws/install/local_setup.bash'
[1.699s] INFO:colcon.colcon_core.shell:Creating prefix chain script '/home/ubuntu/Desktop/robot_ws/install/setup.bash'
[1.712s] INFO:colcon.colcon_core.shell:Creating prefix script '/home/ubuntu/Desktop/robot_ws/install/local_setup.zsh'
[1.713s] INFO:colcon.colcon_core.shell:Creating prefix chain script '/home/ubuntu/Desktop/robot_ws/install/setup.zsh'
