[0.106s] Invoking command in '/home/ubuntu/Desktop/robot_ws/build/articubot_one': CMAKE_PREFIX_PATH=${CMAKE_PREFIX_PATH}:/opt/ros/humble /usr/bin/cmake --build /home/ubuntu/Desktop/robot_ws/build/articubot_one -- -j16 -l16
[0.438s] -- Found ament_cmake: 1.3.8 (/opt/ros/humble/share/ament_cmake/cmake)
[0.723s] -- Override CMake install command with custom implementation using symlinks instead of copying resources
[0.879s] -- Found ament_lint_auto: 0.12.10 (/opt/ros/humble/share/ament_lint_auto/cmake)
[1.111s] -- Added test 'copyright' to check source files copyright and LICENSE
[1.123s] -- Added test 'flake8' to check Python code syntax and style conventions
[1.124s] -- Added test 'lint_cmake' to check CMake code style
[1.126s] -- Added test 'pep257' to check Python code against some of the docstring style conventions in PEP 257
[1.132s] -- Added test 'xmllint' to check XML markup files
[1.144s] -- Configuring done
[1.150s] -- Generating done
[1.151s] -- Build files have been written to: /home/ubuntu/Desktop/robot_ws/build/articubot_one
[1.192s] Invoked command in '/home/ubuntu/Desktop/robot_ws/build/articubot_one' returned '0': CMAKE_PREFIX_PATH=${CMAKE_PREFIX_PATH}:/opt/ros/humble /usr/bin/cmake --build /home/ubuntu/Desktop/robot_ws/build/articubot_one -- -j16 -l16
[1.249s] Invoking command in '/home/ubuntu/Desktop/robot_ws/build/articubot_one': CMAKE_PREFIX_PATH=${CMAKE_PREFIX_PATH}:/opt/ros/humble /usr/bin/cmake --install /home/ubuntu/Desktop/robot_ws/build/articubot_one
[1.267s] -- Install configuration: ""
[1.268s] -- Execute custom install script
[1.269s] -- Up-to-date symlink: /home/ubuntu/Desktop/robot_ws/install/articubot_one/share/articubot_one/config/drive_bot.rviz
[1.270s] -- Up-to-date symlink: /home/ubuntu/Desktop/robot_ws/install/articubot_one/share/articubot_one/config/main.rviz
[1.270s] -- Up-to-date symlink: /home/ubuntu/Desktop/robot_ws/install/articubot_one/share/articubot_one/config/mapper_params_online_async.yaml
[1.271s] -- Up-to-date symlink: /home/ubuntu/Desktop/robot_ws/install/articubot_one/share/articubot_one/config/nav2_params.yaml
[1.271s] -- Up-to-date symlink: /home/ubuntu/Desktop/robot_ws/install/articubot_one/share/articubot_one/config/view_bot.rviz
[1.272s] -- Up-to-date symlink: /home/ubuntu/Desktop/robot_ws/install/articubot_one/share/articubot_one/description/gazebo_control.xacro
[1.272s] -- Up-to-date symlink: /home/ubuntu/Desktop/robot_ws/install/articubot_one/share/articubot_one/description/inertial_macros.xacro
[1.273s] -- Up-to-date symlink: /home/ubuntu/Desktop/robot_ws/install/articubot_one/share/articubot_one/description/lidar.xacro
[1.273s] -- Up-to-date symlink: /home/ubuntu/Desktop/robot_ws/install/articubot_one/share/articubot_one/description/robot.urdf.xacro
[1.273s] -- Up-to-date symlink: /home/ubuntu/Desktop/robot_ws/install/articubot_one/share/articubot_one/description/robot_core.xacro
[1.274s] -- Up-to-date symlink: /home/ubuntu/Desktop/robot_ws/install/articubot_one/share/articubot_one/launch/launch_sim.launch.py
[1.275s] -- Up-to-date symlink: /home/ubuntu/Desktop/robot_ws/install/articubot_one/share/articubot_one/launch/localization_launch.py
[1.275s] -- Up-to-date symlink: /home/ubuntu/Desktop/robot_ws/install/articubot_one/share/articubot_one/launch/navigation_launch.py
[1.276s] -- Up-to-date symlink: /home/ubuntu/Desktop/robot_ws/install/articubot_one/share/articubot_one/launch/online_async_launch.py
[1.276s] -- Up-to-date symlink: /home/ubuntu/Desktop/robot_ws/install/articubot_one/share/articubot_one/launch/rsp.launch.py
[1.277s] -- Up-to-date symlink: /home/ubuntu/Desktop/robot_ws/install/articubot_one/share/articubot_one/worlds/empty.world
[1.277s] -- Up-to-date symlink: /home/ubuntu/Desktop/robot_ws/install/articubot_one/share/articubot_one/worlds/fun.world
[1.278s] -- Up-to-date symlink: /home/ubuntu/Desktop/robot_ws/install/articubot_one/share/articubot_one/worlds/my_world.world
[1.278s] -- Up-to-date symlink: /home/ubuntu/Desktop/robot_ws/install/articubot_one/share/articubot_one/worlds/obstacles.world
[1.279s] -- Up-to-date symlink: /home/ubuntu/Desktop/robot_ws/install/articubot_one/share/ament_index/resource_index/package_run_dependencies/articubot_one
[1.280s] -- Up-to-date symlink: /home/ubuntu/Desktop/robot_ws/install/articubot_one/share/ament_index/resource_index/parent_prefix_path/articubot_one
[1.280s] -- Up-to-date symlink: /home/ubuntu/Desktop/robot_ws/install/articubot_one/share/articubot_one/environment/ament_prefix_path.sh
[1.281s] -- Up-to-date symlink: /home/ubuntu/Desktop/robot_ws/install/articubot_one/share/articubot_one/environment/ament_prefix_path.dsv
[1.281s] -- Up-to-date symlink: /home/ubuntu/Desktop/robot_ws/install/articubot_one/share/articubot_one/environment/path.sh
[1.282s] -- Up-to-date symlink: /home/ubuntu/Desktop/robot_ws/install/articubot_one/share/articubot_one/environment/path.dsv
[1.282s] -- Up-to-date symlink: /home/ubuntu/Desktop/robot_ws/install/articubot_one/share/articubot_one/local_setup.bash
[1.283s] -- Up-to-date symlink: /home/ubuntu/Desktop/robot_ws/install/articubot_one/share/articubot_one/local_setup.sh
[1.283s] -- Up-to-date symlink: /home/ubuntu/Desktop/robot_ws/install/articubot_one/share/articubot_one/local_setup.zsh
[1.284s] -- Up-to-date symlink: /home/ubuntu/Desktop/robot_ws/install/articubot_one/share/articubot_one/local_setup.dsv
[1.284s] -- Symlinking: /home/ubuntu/Desktop/robot_ws/install/articubot_one/share/articubot_one/package.dsv
[1.303s] -- Up-to-date symlink: /home/ubuntu/Desktop/robot_ws/install/articubot_one/share/ament_index/resource_index/packages/articubot_one
[1.304s] -- Up-to-date symlink: /home/ubuntu/Desktop/robot_ws/install/articubot_one/share/articubot_one/cmake/articubot_oneConfig.cmake
[1.304s] -- Up-to-date symlink: /home/ubuntu/Desktop/robot_ws/install/articubot_one/share/articubot_one/cmake/articubot_oneConfig-version.cmake
[1.304s] -- Up-to-date symlink: /home/ubuntu/Desktop/robot_ws/install/articubot_one/share/articubot_one/package.xml
[1.306s] Invoked command in '/home/ubuntu/Desktop/robot_ws/build/articubot_one' returned '0': CMAKE_PREFIX_PATH=${CMAKE_PREFIX_PATH}:/opt/ros/humble /usr/bin/cmake --install /home/ubuntu/Desktop/robot_ws/build/articubot_one
