[3.230s] DEBUG:colcon:Command line arguments: ['/usr/bin/colcon', 'build', '--symlink-install']
[3.230s] DEBUG:colcon:Parsed command line arguments: Namespace(log_base=None, log_level=None, verb_name='build', build_base='build', install_base='install', merge_install=False, symlink_install=True, test_result_base=None, continue_on_error=False, executor='parallel', parallel_workers=16, event_handlers=None, ignore_user_meta=False, metas=['./colcon.meta'], base_paths=['.'], packages_ignore=None, packages_ignore_regex=None, paths=None, packages_up_to=None, packages_up_to_regex=None, packages_above=None, packages_above_and_dependencies=None, packages_above_depth=None, packages_select_by_dep=None, packages_skip_by_dep=None, packages_skip_up_to=None, packages_select_build_failed=False, packages_skip_build_finished=False, packages_select_test_failures=False, packages_skip_test_passed=False, packages_select=None, packages_skip=None, packages_select_regex=None, packages_skip_regex=None, packages_start=None, packages_end=None, allow_overriding=[], cmake_args=None, cmake_target=None, cmake_target_skip_unavailable=False, cmake_clean_cache=False, cmake_clean_first=False, cmake_force_configure=False, ament_cmake_args=None, catkin_cmake_args=None, catkin_skip_building_tests=False, verb_parser=<colcon_defaults.argument_parser.defaults.DefaultArgumentsDecorator object at 0x7f921e926ce0>, verb_extension=<colcon_core.verb.build.BuildVerb object at 0x7f921ed93670>, main=<bound method BuildVerb.main of <colcon_core.verb.build.BuildVerb object at 0x7f921ed93670>>)
[3.356s] Level 1:colcon.colcon_core.package_discovery:discover_packages(colcon_meta) check parameters
[3.356s] Level 1:colcon.colcon_core.package_discovery:discover_packages(recursive) check parameters
[3.356s] Level 1:colcon.colcon_core.package_discovery:discover_packages(ignore) check parameters
[3.356s] Level 1:colcon.colcon_core.package_discovery:discover_packages(path) check parameters
[3.356s] Level 1:colcon.colcon_core.package_discovery:discover_packages(colcon_meta) discover
[3.356s] Level 1:colcon.colcon_core.package_discovery:discover_packages(recursive) discover
[3.356s] INFO:colcon.colcon_core.package_discovery:Crawling recursively for packages in '/home/ubuntu/Desktop/robot_ws'
[3.356s] Level 1:colcon.colcon_core.package_identification:_identify(.) by extensions ['ignore', 'ignore_ament_install']
[3.356s] Level 1:colcon.colcon_core.package_identification:_identify(.) by extension 'ignore'
[3.356s] Level 1:colcon.colcon_core.package_identification:_identify(.) by extension 'ignore_ament_install'
[3.356s] Level 1:colcon.colcon_core.package_identification:_identify(.) by extensions ['colcon_pkg']
[3.356s] Level 1:colcon.colcon_core.package_identification:_identify(.) by extension 'colcon_pkg'
[3.356s] Level 1:colcon.colcon_core.package_identification:_identify(.) by extensions ['colcon_meta']
[3.356s] Level 1:colcon.colcon_core.package_identification:_identify(.) by extension 'colcon_meta'
[3.356s] Level 1:colcon.colcon_core.package_identification:_identify(.) by extensions ['ros']
[3.356s] Level 1:colcon.colcon_core.package_identification:_identify(.) by extension 'ros'
[3.365s] Level 1:colcon.colcon_core.package_identification:_identify(.) by extensions ['cmake', 'python']
[3.365s] Level 1:colcon.colcon_core.package_identification:_identify(.) by extension 'cmake'
[3.365s] Level 1:colcon.colcon_core.package_identification:_identify(.) by extension 'python'
[3.365s] Level 1:colcon.colcon_core.package_identification:_identify(.) by extensions ['python_setup_py']
[3.365s] Level 1:colcon.colcon_core.package_identification:_identify(.) by extension 'python_setup_py'
[3.365s] Level 1:colcon.colcon_core.package_identification:_identify(build) by extensions ['ignore', 'ignore_ament_install']
[3.365s] Level 1:colcon.colcon_core.package_identification:_identify(build) by extension 'ignore'
[3.365s] Level 1:colcon.colcon_core.package_identification:_identify(build) ignored
[3.366s] Level 1:colcon.colcon_core.package_identification:_identify(install) by extensions ['ignore', 'ignore_ament_install']
[3.366s] Level 1:colcon.colcon_core.package_identification:_identify(install) by extension 'ignore'
[3.366s] Level 1:colcon.colcon_core.package_identification:_identify(install) ignored
[3.366s] Level 1:colcon.colcon_core.package_identification:_identify(log) by extensions ['ignore', 'ignore_ament_install']
[3.366s] Level 1:colcon.colcon_core.package_identification:_identify(log) by extension 'ignore'
[3.366s] Level 1:colcon.colcon_core.package_identification:_identify(log) ignored
[3.366s] Level 1:colcon.colcon_core.package_identification:_identify(src) by extensions ['ignore', 'ignore_ament_install']
[3.366s] Level 1:colcon.colcon_core.package_identification:_identify(src) by extension 'ignore'
[3.366s] Level 1:colcon.colcon_core.package_identification:_identify(src) by extension 'ignore_ament_install'
[3.366s] Level 1:colcon.colcon_core.package_identification:_identify(src) by extensions ['colcon_pkg']
[3.366s] Level 1:colcon.colcon_core.package_identification:_identify(src) by extension 'colcon_pkg'
[3.366s] Level 1:colcon.colcon_core.package_identification:_identify(src) by extensions ['colcon_meta']
[3.366s] Level 1:colcon.colcon_core.package_identification:_identify(src) by extension 'colcon_meta'
[3.366s] Level 1:colcon.colcon_core.package_identification:_identify(src) by extensions ['ros']
[3.366s] Level 1:colcon.colcon_core.package_identification:_identify(src) by extension 'ros'
[3.366s] Level 1:colcon.colcon_core.package_identification:_identify(src) by extensions ['cmake', 'python']
[3.366s] Level 1:colcon.colcon_core.package_identification:_identify(src) by extension 'cmake'
[3.366s] Level 1:colcon.colcon_core.package_identification:_identify(src) by extension 'python'
[3.366s] Level 1:colcon.colcon_core.package_identification:_identify(src) by extensions ['python_setup_py']
[3.366s] Level 1:colcon.colcon_core.package_identification:_identify(src) by extension 'python_setup_py'
[3.366s] Level 1:colcon.colcon_core.package_identification:_identify(src/articubot_one) by extensions ['ignore', 'ignore_ament_install']
[3.367s] Level 1:colcon.colcon_core.package_identification:_identify(src/articubot_one) by extension 'ignore'
[3.367s] Level 1:colcon.colcon_core.package_identification:_identify(src/articubot_one) by extension 'ignore_ament_install'
[3.367s] Level 1:colcon.colcon_core.package_identification:_identify(src/articubot_one) by extensions ['colcon_pkg']
[3.367s] Level 1:colcon.colcon_core.package_identification:_identify(src/articubot_one) by extension 'colcon_pkg'
[3.367s] Level 1:colcon.colcon_core.package_identification:_identify(src/articubot_one) by extensions ['colcon_meta']
[3.367s] Level 1:colcon.colcon_core.package_identification:_identify(src/articubot_one) by extension 'colcon_meta'
[3.367s] Level 1:colcon.colcon_core.package_identification:_identify(src/articubot_one) by extensions ['ros']
[3.367s] Level 1:colcon.colcon_core.package_identification:_identify(src/articubot_one) by extension 'ros'
[3.369s] DEBUG:colcon.colcon_core.package_identification:Package 'src/articubot_one' with type 'ros.ament_cmake' and name 'articubot_one'
[3.369s] Level 1:colcon.colcon_core.package_discovery:discover_packages(recursive) using defaults
[3.369s] Level 1:colcon.colcon_core.package_discovery:discover_packages(ignore) discover
[3.369s] Level 1:colcon.colcon_core.package_discovery:discover_packages(ignore) using defaults
[3.369s] Level 1:colcon.colcon_core.package_discovery:discover_packages(path) discover
[3.369s] Level 1:colcon.colcon_core.package_discovery:discover_packages(path) using defaults
[3.480s] Level 1:colcon.colcon_core.package_discovery:discover_packages(prefix_path) check parameters
[3.480s] Level 1:colcon.colcon_core.package_discovery:discover_packages(prefix_path) discover
[3.522s] DEBUG:colcon.colcon_installed_package_information.package_discovery:Found 1 installed packages in /home/ubuntu/Desktop/robot_ws/install
[3.536s] DEBUG:colcon.colcon_installed_package_information.package_discovery:Found 334 installed packages in /opt/ros/humble
[3.537s] Level 1:colcon.colcon_core.package_discovery:discover_packages(prefix_path) using defaults
[3.657s] Level 5:colcon.colcon_core.verb:set package 'articubot_one' build argument 'cmake_args' from command line to 'None'
[3.657s] Level 5:colcon.colcon_core.verb:set package 'articubot_one' build argument 'cmake_target' from command line to 'None'
[3.657s] Level 5:colcon.colcon_core.verb:set package 'articubot_one' build argument 'cmake_target_skip_unavailable' from command line to 'False'
[3.657s] Level 5:colcon.colcon_core.verb:set package 'articubot_one' build argument 'cmake_clean_cache' from command line to 'False'
[3.657s] Level 5:colcon.colcon_core.verb:set package 'articubot_one' build argument 'cmake_clean_first' from command line to 'False'
[3.657s] Level 5:colcon.colcon_core.verb:set package 'articubot_one' build argument 'cmake_force_configure' from command line to 'False'
[3.657s] Level 5:colcon.colcon_core.verb:set package 'articubot_one' build argument 'ament_cmake_args' from command line to 'None'
[3.657s] Level 5:colcon.colcon_core.verb:set package 'articubot_one' build argument 'catkin_cmake_args' from command line to 'None'
[3.657s] Level 5:colcon.colcon_core.verb:set package 'articubot_one' build argument 'catkin_skip_building_tests' from command line to 'False'
[3.657s] DEBUG:colcon.colcon_core.verb:Building package 'articubot_one' with the following arguments: {'ament_cmake_args': None, 'build_base': '/home/ubuntu/Desktop/robot_ws/build/articubot_one', 'catkin_cmake_args': None, 'catkin_skip_building_tests': False, 'cmake_args': None, 'cmake_clean_cache': False, 'cmake_clean_first': False, 'cmake_force_configure': False, 'cmake_target': None, 'cmake_target_skip_unavailable': False, 'install_base': '/home/ubuntu/Desktop/robot_ws/install/articubot_one', 'merge_install': False, 'path': '/home/ubuntu/Desktop/robot_ws/src/articubot_one', 'symlink_install': True, 'test_result_base': None}
[3.670s] INFO:colcon.colcon_core.executor:Executing jobs using 'parallel' executor
[3.683s] DEBUG:colcon.colcon_parallel_executor.executor.parallel:run_until_complete
[3.683s] INFO:colcon.colcon_ros.task.ament_cmake.build:Building ROS package in '/home/ubuntu/Desktop/robot_ws/src/articubot_one' with build type 'ament_cmake'
[3.683s] INFO:colcon.colcon_cmake.task.cmake.build:Building CMake package in '/home/ubuntu/Desktop/robot_ws/src/articubot_one'
[3.733s] INFO:colcon.colcon_core.plugin_system:Skipping extension 'colcon_core.shell.bat': Not used on non-Windows systems
[3.734s] INFO:colcon.colcon_core.shell:Skip shell extension 'powershell' for command environment: Not usable outside of PowerShell
[3.734s] DEBUG:colcon.colcon_core.shell:Skip shell extension 'dsv' for command environment
[3.790s] DEBUG:colcon.colcon_core.event_handler.log_command:Invoking command in '/home/ubuntu/Desktop/robot_ws/build/articubot_one': CMAKE_PREFIX_PATH=${CMAKE_PREFIX_PATH}:/opt/ros/humble /usr/bin/cmake --build /home/ubuntu/Desktop/robot_ws/build/articubot_one -- -j16 -l16
[4.875s] DEBUG:colcon.colcon_core.event_handler.log_command:Invoked command in '/home/ubuntu/Desktop/robot_ws/build/articubot_one' returned '0': CMAKE_PREFIX_PATH=${CMAKE_PREFIX_PATH}:/opt/ros/humble /usr/bin/cmake --build /home/ubuntu/Desktop/robot_ws/build/articubot_one -- -j16 -l16
[4.933s] DEBUG:colcon.colcon_core.event_handler.log_command:Invoking command in '/home/ubuntu/Desktop/robot_ws/build/articubot_one': CMAKE_PREFIX_PATH=${CMAKE_PREFIX_PATH}:/opt/ros/humble /usr/bin/cmake --install /home/ubuntu/Desktop/robot_ws/build/articubot_one
[4.990s] Level 1:colcon.colcon_core.environment:create_environment_scripts_only(articubot_one)
[4.990s] DEBUG:colcon.colcon_core.event_handler.log_command:Invoked command in '/home/ubuntu/Desktop/robot_ws/build/articubot_one' returned '0': CMAKE_PREFIX_PATH=${CMAKE_PREFIX_PATH}:/opt/ros/humble /usr/bin/cmake --install /home/ubuntu/Desktop/robot_ws/build/articubot_one
[5.006s] Level 1:colcon.colcon_core.environment:checking '/home/ubuntu/Desktop/robot_ws/install/articubot_one' for CMake module files
[5.007s] Level 1:colcon.colcon_core.environment:checking '/home/ubuntu/Desktop/robot_ws/install/articubot_one' for CMake config files
[5.007s] Level 1:colcon.colcon_core.shell:create_environment_hook('articubot_one', 'cmake_prefix_path')
[5.020s] INFO:colcon.colcon_core.shell:Creating environment hook '/home/ubuntu/Desktop/robot_ws/install/articubot_one/share/articubot_one/hook/cmake_prefix_path.ps1'
[5.021s] INFO:colcon.colcon_core.shell:Creating environment descriptor '/home/ubuntu/Desktop/robot_ws/install/articubot_one/share/articubot_one/hook/cmake_prefix_path.dsv'
[5.022s] INFO:colcon.colcon_core.shell:Creating environment hook '/home/ubuntu/Desktop/robot_ws/install/articubot_one/share/articubot_one/hook/cmake_prefix_path.sh'
[5.023s] Level 1:colcon.colcon_core.environment:checking '/home/ubuntu/Desktop/robot_ws/install/articubot_one/bin'
[5.023s] Level 1:colcon.colcon_core.environment:checking '/home/ubuntu/Desktop/robot_ws/install/articubot_one/lib/pkgconfig/articubot_one.pc'
[5.023s] Level 1:colcon.colcon_core.environment:checking '/home/ubuntu/Desktop/robot_ws/install/articubot_one/lib/python3.10/site-packages'
[5.024s] Level 1:colcon.colcon_core.environment:checking '/home/ubuntu/Desktop/robot_ws/install/articubot_one/bin'
[5.037s] INFO:colcon.colcon_core.shell:Creating package script '/home/ubuntu/Desktop/robot_ws/install/articubot_one/share/articubot_one/package.ps1'
[5.038s] INFO:colcon.colcon_core.shell:Creating package descriptor '/home/ubuntu/Desktop/robot_ws/install/articubot_one/share/articubot_one/package.dsv'
[5.039s] INFO:colcon.colcon_core.shell:Creating package script '/home/ubuntu/Desktop/robot_ws/install/articubot_one/share/articubot_one/package.sh'
[5.039s] INFO:colcon.colcon_core.shell:Creating package script '/home/ubuntu/Desktop/robot_ws/install/articubot_one/share/articubot_one/package.bash'
[5.040s] INFO:colcon.colcon_core.shell:Creating package script '/home/ubuntu/Desktop/robot_ws/install/articubot_one/share/articubot_one/package.zsh'
[5.041s] Level 1:colcon.colcon_core.environment:create_file_with_runtime_dependencies(/home/ubuntu/Desktop/robot_ws/install/articubot_one/share/colcon-core/packages/articubot_one)
[5.109s] Level 1:colcon.colcon_core.environment:create_environment_scripts_only(articubot_one)
[5.138s] Level 1:colcon.colcon_core.environment:checking '/home/ubuntu/Desktop/robot_ws/install/articubot_one' for CMake module files
[5.139s] Level 1:colcon.colcon_core.environment:checking '/home/ubuntu/Desktop/robot_ws/install/articubot_one' for CMake config files
[5.140s] Level 1:colcon.colcon_core.shell:create_environment_hook('articubot_one', 'cmake_prefix_path')
[5.156s] INFO:colcon.colcon_core.shell:Creating environment hook '/home/ubuntu/Desktop/robot_ws/install/articubot_one/share/articubot_one/hook/cmake_prefix_path.ps1'
[5.157s] INFO:colcon.colcon_core.shell:Creating environment descriptor '/home/ubuntu/Desktop/robot_ws/install/articubot_one/share/articubot_one/hook/cmake_prefix_path.dsv'
[5.157s] INFO:colcon.colcon_core.shell:Creating environment hook '/home/ubuntu/Desktop/robot_ws/install/articubot_one/share/articubot_one/hook/cmake_prefix_path.sh'
[5.157s] Level 1:colcon.colcon_core.environment:checking '/home/ubuntu/Desktop/robot_ws/install/articubot_one/bin'
[5.157s] Level 1:colcon.colcon_core.environment:checking '/home/ubuntu/Desktop/robot_ws/install/articubot_one/lib/pkgconfig/articubot_one.pc'
[5.157s] Level 1:colcon.colcon_core.environment:checking '/home/ubuntu/Desktop/robot_ws/install/articubot_one/lib/python3.10/site-packages'
[5.158s] Level 1:colcon.colcon_core.environment:checking '/home/ubuntu/Desktop/robot_ws/install/articubot_one/bin'
[5.171s] INFO:colcon.colcon_core.shell:Creating package script '/home/ubuntu/Desktop/robot_ws/install/articubot_one/share/articubot_one/package.ps1'
[5.171s] INFO:colcon.colcon_core.shell:Creating package descriptor '/home/ubuntu/Desktop/robot_ws/install/articubot_one/share/articubot_one/package.dsv'
[5.171s] INFO:colcon.colcon_core.shell:Creating package script '/home/ubuntu/Desktop/robot_ws/install/articubot_one/share/articubot_one/package.sh'
[5.172s] INFO:colcon.colcon_core.shell:Creating package script '/home/ubuntu/Desktop/robot_ws/install/articubot_one/share/articubot_one/package.bash'
[5.172s] INFO:colcon.colcon_core.shell:Creating package script '/home/ubuntu/Desktop/robot_ws/install/articubot_one/share/articubot_one/package.zsh'
[5.172s] Level 1:colcon.colcon_core.environment:create_file_with_runtime_dependencies(/home/ubuntu/Desktop/robot_ws/install/articubot_one/share/colcon-core/packages/articubot_one)
[5.172s] DEBUG:colcon.colcon_parallel_executor.executor.parallel:closing loop
[5.173s] DEBUG:colcon.colcon_parallel_executor.executor.parallel:loop closed
[5.173s] DEBUG:colcon.colcon_parallel_executor.executor.parallel:run_until_complete finished with '0'
[5.173s] DEBUG:colcon.colcon_core.event_reactor:joining thread
[5.196s] INFO:colcon.colcon_core.plugin_system:Skipping extension 'colcon_notification.desktop_notification.terminal_notifier': Not used on non-Darwin systems
[5.196s] INFO:colcon.colcon_core.plugin_system:Skipping extension 'colcon_notification.desktop_notification.win32': Not used on non-Windows systems
[5.196s] INFO:colcon.colcon_notification.desktop_notification:Sending desktop notification using 'notify2'
[5.224s] DEBUG:colcon.colcon_core.event_reactor:joined thread
[5.237s] INFO:colcon.colcon_core.shell:Creating prefix script '/home/ubuntu/Desktop/robot_ws/install/local_setup.ps1'
[5.238s] INFO:colcon.colcon_core.shell:Creating prefix util module '/home/ubuntu/Desktop/robot_ws/install/_local_setup_util_ps1.py'
[5.239s] INFO:colcon.colcon_core.shell:Creating prefix chain script '/home/ubuntu/Desktop/robot_ws/install/setup.ps1'
[5.253s] INFO:colcon.colcon_core.shell:Creating prefix script '/home/ubuntu/Desktop/robot_ws/install/local_setup.sh'
[5.254s] INFO:colcon.colcon_core.shell:Creating prefix util module '/home/ubuntu/Desktop/robot_ws/install/_local_setup_util_sh.py'
[5.254s] INFO:colcon.colcon_core.shell:Creating prefix chain script '/home/ubuntu/Desktop/robot_ws/install/setup.sh'
[5.268s] INFO:colcon.colcon_core.shell:Creating prefix script '/home/ubuntu/Desktop/robot_ws/install/local_setup.bash'
[5.268s] INFO:colcon.colcon_core.shell:Creating prefix chain script '/home/ubuntu/Desktop/robot_ws/install/setup.bash'
[5.282s] INFO:colcon.colcon_core.shell:Creating prefix script '/home/ubuntu/Desktop/robot_ws/install/local_setup.zsh'
[5.282s] INFO:colcon.colcon_core.shell:Creating prefix chain script '/home/ubuntu/Desktop/robot_ws/install/setup.zsh'
