[0.066s] Invoking command in '/home/ubuntu/Desktop/robot_ws/build/articubot_one': CMAKE_PREFIX_PATH=${CMAKE_PREFIX_PATH}:/opt/ros/humble /usr/bin/cmake /home/ubuntu/Desktop/robot_ws/src/articubot_one -DAMENT_CMAKE_SYMLINK_INSTALL=1 -DCMAKE_INSTALL_PREFIX=/home/ubuntu/Desktop/robot_ws/install/articubot_one
[0.098s] -- Found ament_cmake: 1.3.8 (/opt/ros/humble/share/ament_cmake/cmake)
[0.277s] -- Override CMake install command with custom implementation using symlinks instead of copying resources
[0.283s] -- Found ament_lint_auto: 0.12.10 (/opt/ros/humble/share/ament_lint_auto/cmake)
[0.344s] -- Added test 'copyright' to check source files copyright and LICENSE
[0.349s] -- Added test 'flake8' to check Python code syntax and style conventions
[0.350s] -- Added test 'lint_cmake' to check CMake code style
[0.350s] -- Added test 'pep257' to check Python code against some of the docstring style conventions in PEP 257
[0.352s] -- Added test 'xmllint' to check XML markup files
[0.353s] -- Configuring done
[0.357s] -- Generating done
[0.358s] -- Build files have been written to: /home/ubuntu/Desktop/robot_ws/build/articubot_one
[0.362s] Invoked command in '/home/ubuntu/Desktop/robot_ws/build/articubot_one' returned '0': CMAKE_PREFIX_PATH=${CMAKE_PREFIX_PATH}:/opt/ros/humble /usr/bin/cmake /home/ubuntu/Desktop/robot_ws/src/articubot_one -DAMENT_CMAKE_SYMLINK_INSTALL=1 -DCMAKE_INSTALL_PREFIX=/home/ubuntu/Desktop/robot_ws/install/articubot_one
[0.365s] Invoking command in '/home/ubuntu/Desktop/robot_ws/build/articubot_one': CMAKE_PREFIX_PATH=${CMAKE_PREFIX_PATH}:/opt/ros/humble /usr/bin/cmake --build /home/ubuntu/Desktop/robot_ws/build/articubot_one -- -j16 -l16
[0.430s] Invoked command in '/home/ubuntu/Desktop/robot_ws/build/articubot_one' returned '0': CMAKE_PREFIX_PATH=${CMAKE_PREFIX_PATH}:/opt/ros/humble /usr/bin/cmake --build /home/ubuntu/Desktop/robot_ws/build/articubot_one -- -j16 -l16
[0.510s] Invoking command in '/home/ubuntu/Desktop/robot_ws/build/articubot_one': CMAKE_PREFIX_PATH=${CMAKE_PREFIX_PATH}:/opt/ros/humble /usr/bin/cmake --install /home/ubuntu/Desktop/robot_ws/build/articubot_one
[0.518s] -- Install configuration: ""
[0.518s] -- Execute custom install script
[0.518s] -- Up-to-date symlink: /home/ubuntu/Desktop/robot_ws/install/articubot_one/share/articubot_one/config/drive_bot.rviz
[0.519s] -- Up-to-date symlink: /home/ubuntu/Desktop/robot_ws/install/articubot_one/share/articubot_one/config/main.rviz
[0.519s] -- Up-to-date symlink: /home/ubuntu/Desktop/robot_ws/install/articubot_one/share/articubot_one/config/mapper_params_online_async.yaml
[0.519s] -- Up-to-date symlink: /home/ubuntu/Desktop/robot_ws/install/articubot_one/share/articubot_one/config/nav2_params.yaml
[0.519s] -- Up-to-date symlink: /home/ubuntu/Desktop/robot_ws/install/articubot_one/share/articubot_one/config/view_bot.rviz
[0.520s] -- Up-to-date symlink: /home/ubuntu/Desktop/robot_ws/install/articubot_one/share/articubot_one/description/gazebo_control.xacro
[0.520s] -- Up-to-date symlink: /home/ubuntu/Desktop/robot_ws/install/articubot_one/share/articubot_one/description/inertial_macros.xacro
[0.520s] -- Up-to-date symlink: /home/ubuntu/Desktop/robot_ws/install/articubot_one/share/articubot_one/description/lidar.xacro
[0.520s] -- Up-to-date symlink: /home/ubuntu/Desktop/robot_ws/install/articubot_one/share/articubot_one/description/robot.urdf.xacro
[0.520s] -- Up-to-date symlink: /home/ubuntu/Desktop/robot_ws/install/articubot_one/share/articubot_one/description/robot_core.xacro
[0.520s] -- Up-to-date symlink: /home/ubuntu/Desktop/robot_ws/install/articubot_one/share/articubot_one/launch/launch_sim.launch.py
[0.520s] -- Up-to-date symlink: /home/ubuntu/Desktop/robot_ws/install/articubot_one/share/articubot_one/launch/localization_launch.py
[0.520s] -- Up-to-date symlink: /home/ubuntu/Desktop/robot_ws/install/articubot_one/share/articubot_one/launch/navigation_launch.py
[0.521s] -- Up-to-date symlink: /home/ubuntu/Desktop/robot_ws/install/articubot_one/share/articubot_one/launch/online_async_launch.py
[0.521s] -- Up-to-date symlink: /home/ubuntu/Desktop/robot_ws/install/articubot_one/share/articubot_one/launch/rsp.launch.py
[0.521s] -- Up-to-date symlink: /home/ubuntu/Desktop/robot_ws/install/articubot_one/share/articubot_one/worlds/empty.world
[0.521s] -- Up-to-date symlink: /home/ubuntu/Desktop/robot_ws/install/articubot_one/share/articubot_one/worlds/fun.world
[0.521s] -- Up-to-date symlink: /home/ubuntu/Desktop/robot_ws/install/articubot_one/share/articubot_one/worlds/my_world.world
[0.521s] -- Up-to-date symlink: /home/ubuntu/Desktop/robot_ws/install/articubot_one/share/articubot_one/worlds/obstacles.world
[0.522s] -- Up-to-date symlink: /home/ubuntu/Desktop/robot_ws/install/articubot_one/share/ament_index/resource_index/package_run_dependencies/articubot_one
[0.522s] -- Up-to-date symlink: /home/ubuntu/Desktop/robot_ws/install/articubot_one/share/ament_index/resource_index/parent_prefix_path/articubot_one
[0.522s] -- Up-to-date symlink: /home/ubuntu/Desktop/robot_ws/install/articubot_one/share/articubot_one/environment/ament_prefix_path.sh
[0.522s] -- Up-to-date symlink: /home/ubuntu/Desktop/robot_ws/install/articubot_one/share/articubot_one/environment/ament_prefix_path.dsv
[0.522s] -- Up-to-date symlink: /home/ubuntu/Desktop/robot_ws/install/articubot_one/share/articubot_one/environment/path.sh
[0.522s] -- Up-to-date symlink: /home/ubuntu/Desktop/robot_ws/install/articubot_one/share/articubot_one/environment/path.dsv
[0.523s] -- Up-to-date symlink: /home/ubuntu/Desktop/robot_ws/install/articubot_one/share/articubot_one/local_setup.bash
[0.523s] -- Up-to-date symlink: /home/ubuntu/Desktop/robot_ws/install/articubot_one/share/articubot_one/local_setup.sh
[0.523s] -- Up-to-date symlink: /home/ubuntu/Desktop/robot_ws/install/articubot_one/share/articubot_one/local_setup.zsh
[0.523s] -- Up-to-date symlink: /home/ubuntu/Desktop/robot_ws/install/articubot_one/share/articubot_one/local_setup.dsv
[0.523s] -- Symlinking: /home/ubuntu/Desktop/robot_ws/install/articubot_one/share/articubot_one/package.dsv
[0.544s] -- Up-to-date symlink: /home/ubuntu/Desktop/robot_ws/install/articubot_one/share/ament_index/resource_index/packages/articubot_one
[0.544s] -- Up-to-date symlink: /home/ubuntu/Desktop/robot_ws/install/articubot_one/share/articubot_one/cmake/articubot_oneConfig.cmake
[0.544s] -- Up-to-date symlink: /home/ubuntu/Desktop/robot_ws/install/articubot_one/share/articubot_one/cmake/articubot_oneConfig-version.cmake
[0.545s] -- Up-to-date symlink: /home/ubuntu/Desktop/robot_ws/install/articubot_one/share/articubot_one/package.xml
[0.546s] Invoked command in '/home/ubuntu/Desktop/robot_ws/build/articubot_one' returned '0': CMAKE_PREFIX_PATH=${CMAKE_PREFIX_PATH}:/opt/ros/humble /usr/bin/cmake --install /home/ubuntu/Desktop/robot_ws/build/articubot_one
