[0.119s] Invoking command in '/home/ubuntu/Desktop/robot_ws/build/articubot_one': CMAKE_PREFIX_PATH=${CMAKE_PREFIX_PATH}:/opt/ros/humble /usr/bin/cmake --build /home/ubuntu/Desktop/robot_ws/build/articubot_one -- -j16 -l16
[0.218s] Invoked command in '/home/ubuntu/Desktop/robot_ws/build/articubot_one' returned '0': CMAKE_PREFIX_PATH=${CMAKE_PREFIX_PATH}:/opt/ros/humble /usr/bin/cmake --build /home/ubuntu/Desktop/robot_ws/build/articubot_one -- -j16 -l16
[0.288s] Invoking command in '/home/ubuntu/Desktop/robot_ws/build/articubot_one': CMAKE_PREFIX_PATH=${CMAKE_PREFIX_PATH}:/opt/ros/humble /usr/bin/cmake --install /home/ubuntu/Desktop/robot_ws/build/articubot_one
[0.309s] -- Install configuration: ""
[0.310s] -- Execute custom install script
[0.311s] -- Up-to-date symlink: /home/ubuntu/Desktop/robot_ws/install/articubot_one/share/articubot_one/config/drive_bot.rviz
[0.311s] -- Up-to-date symlink: /home/ubuntu/Desktop/robot_ws/install/articubot_one/share/articubot_one/config/empty.yaml
[0.312s] -- Up-to-date symlink: /home/ubuntu/Desktop/robot_ws/install/articubot_one/share/articubot_one/config/view_bot.rviz
[0.313s] -- Up-to-date symlink: /home/ubuntu/Desktop/robot_ws/install/articubot_one/share/articubot_one/description/gazebo_control.xacro
[0.313s] -- Up-to-date symlink: /home/ubuntu/Desktop/robot_ws/install/articubot_one/share/articubot_one/description/inertial_macros.xacro
[0.313s] -- Symlinking: /home/ubuntu/Desktop/robot_ws/install/articubot_one/share/articubot_one/description/lidar.xacro
[0.339s] -- Up-to-date symlink: /home/ubuntu/Desktop/robot_ws/install/articubot_one/share/articubot_one/description/robot.urdf.xacro
[0.339s] -- Up-to-date symlink: /home/ubuntu/Desktop/robot_ws/install/articubot_one/share/articubot_one/description/robot_core.xacro
[0.340s] -- Up-to-date symlink: /home/ubuntu/Desktop/robot_ws/install/articubot_one/share/articubot_one/launch/launch_sim.launch.py
[0.340s] -- Up-to-date symlink: /home/ubuntu/Desktop/robot_ws/install/articubot_one/share/articubot_one/launch/rsp.launch.py
[0.341s] -- Up-to-date symlink: /home/ubuntu/Desktop/robot_ws/install/articubot_one/share/articubot_one/worlds/empty.world
[0.341s] -- Symlinking: /home/ubuntu/Desktop/robot_ws/install/articubot_one/share/articubot_one/worlds/fun.world
[0.367s] -- Symlinking: /home/ubuntu/Desktop/robot_ws/install/articubot_one/share/articubot_one/worlds/my_world.world
[0.394s] -- Up-to-date symlink: /home/ubuntu/Desktop/robot_ws/install/articubot_one/share/articubot_one/worlds/obstacles.world
[0.394s] -- Up-to-date symlink: /home/ubuntu/Desktop/robot_ws/install/articubot_one/share/ament_index/resource_index/package_run_dependencies/articubot_one
[0.395s] -- Up-to-date symlink: /home/ubuntu/Desktop/robot_ws/install/articubot_one/share/ament_index/resource_index/parent_prefix_path/articubot_one
[0.395s] -- Up-to-date symlink: /home/ubuntu/Desktop/robot_ws/install/articubot_one/share/articubot_one/environment/ament_prefix_path.sh
[0.396s] -- Up-to-date symlink: /home/ubuntu/Desktop/robot_ws/install/articubot_one/share/articubot_one/environment/ament_prefix_path.dsv
[0.396s] -- Up-to-date symlink: /home/ubuntu/Desktop/robot_ws/install/articubot_one/share/articubot_one/environment/path.sh
[0.397s] -- Up-to-date symlink: /home/ubuntu/Desktop/robot_ws/install/articubot_one/share/articubot_one/environment/path.dsv
[0.397s] -- Up-to-date symlink: /home/ubuntu/Desktop/robot_ws/install/articubot_one/share/articubot_one/local_setup.bash
[0.398s] -- Up-to-date symlink: /home/ubuntu/Desktop/robot_ws/install/articubot_one/share/articubot_one/local_setup.sh
[0.398s] -- Up-to-date symlink: /home/ubuntu/Desktop/robot_ws/install/articubot_one/share/articubot_one/local_setup.zsh
[0.399s] -- Up-to-date symlink: /home/ubuntu/Desktop/robot_ws/install/articubot_one/share/articubot_one/local_setup.dsv
[0.399s] -- Symlinking: /home/ubuntu/Desktop/robot_ws/install/articubot_one/share/articubot_one/package.dsv
[0.424s] -- Up-to-date symlink: /home/ubuntu/Desktop/robot_ws/install/articubot_one/share/ament_index/resource_index/packages/articubot_one
[0.424s] -- Up-to-date symlink: /home/ubuntu/Desktop/robot_ws/install/articubot_one/share/articubot_one/cmake/articubot_oneConfig.cmake
[0.425s] -- Up-to-date symlink: /home/ubuntu/Desktop/robot_ws/install/articubot_one/share/articubot_one/cmake/articubot_oneConfig-version.cmake
[0.425s] -- Up-to-date symlink: /home/ubuntu/Desktop/robot_ws/install/articubot_one/share/articubot_one/package.xml
[0.431s] Invoked command in '/home/ubuntu/Desktop/robot_ws/build/articubot_one' returned '0': CMAKE_PREFIX_PATH=${CMAKE_PREFIX_PATH}:/opt/ros/humble /usr/bin/cmake --install /home/ubuntu/Desktop/robot_ws/build/articubot_one
